c:\users\bartool\mydata\mycode\cpp\visualstudio_lap\lanchat\server\debug\server.obj
c:\users\bartool\mydata\mycode\cpp\visualstudio_lap\lanchat\server\debug\main.obj
c:\mycode\cpp\visualstudio_lap\lanchat\server\debug\main.obj
c:\mycode\cpp\visualstudio_lap\lanchat\server\debug\server.obj
c:\mycode\cpp\visualstudio_lap\lanchat\server\debug\vc142.pdb
c:\users\bartool\mydata\mycode\cpp\visualstudio_lap\lanchat\server\debug\vc142.pdb
c:\mycode\cpp\visualstudio_lap\lanchat\debug\server.ilk
c:\mycode\cpp\visualstudio_lap\lanchat\debug\server.exe
c:\mycode\cpp\visualstudio_lap\lanchat\debug\server.pdb
c:\users\bartool\mydata\mycode\cpp\visualstudio_lap\lanchat\debug\server.ilk
c:\users\bartool\mydata\mycode\cpp\visualstudio_lap\lanchat\debug\server.exe
c:\users\bartool\mydata\mycode\cpp\visualstudio_lap\lanchat\debug\server.pdb
c:\users\bartool\mydata\mycode\cpp\visualstudio_lap\lanchat\server\debug\main (conflicted copy 2020-01-10 083216).obj
c:\users\bartool\mydata\mycode\cpp\visualstudio_lap\lanchat\server\debug\server (conflicted copy 2020-01-10 083216).obj
c:\users\bartool\mydata\mycode\cpp\visualstudio_lap\lanchat\server\debug\vc142 (conflicted copy 2020-01-10 083216).idb
c:\users\bartool\mydata\mycode\cpp\visualstudio_lap\lanchat\server\debug\vc142.idb
c:\users\bartool\mydata\mycode\cpp\visualstudio_lap\lanchat\server\debug\vc142 (conflicted copy 2020-01-10 083216).pdb
c:\users\bartool\mydata\mycode\cpp\visualstudio_lap\lanchat\server\debug\server.tlog\cl.11980.write.1.tlog
c:\users\bartool\mydata\mycode\cpp\visualstudio_lap\lanchat\server\debug\server.tlog\cl.command.1 (conflicted copy 2020-01-10 083216).tlog
c:\users\bartool\mydata\mycode\cpp\visualstudio_lap\lanchat\server\debug\server.tlog\cl.command.1.tlog
c:\users\bartool\mydata\mycode\cpp\visualstudio_lap\lanchat\server\debug\server.tlog\cl.read.1 (conflicted copy 2020-01-10 083216).tlog
c:\users\bartool\mydata\mycode\cpp\visualstudio_lap\lanchat\server\debug\server.tlog\link.command.1 (conflicted copy 2020-01-10 083217).tlog
c:\users\bartool\mydata\mycode\cpp\visualstudio_lap\lanchat\server\debug\server.tlog\link.command.1.tlog
c:\users\bartool\mydata\mycode\cpp\visualstudio_lap\lanchat\server\debug\server.tlog\link.read.1 (conflicted copy 2020-01-10 083217).tlog
c:\users\bartool\mydata\mycode\cpp\visualstudio_lap\lanchat\server\debug\server.tlog\link.write.1 (conflicted copy 2020-01-10 083217).tlog
